SF:C:\Users\s2010\Me\Codes\Rust\wgpu-3dgs-core\src\buffer\gaussian.rs
FN:50,_RNvMNtNtCs5GcQ2UO1lZu_14wgpu_3dgs_core6buffer8gaussianINtB2_15GaussiansBufferNtB2_37GaussianPodWithShHalfCov3dHalfConfigsE13new_with_podsCsdsnEFmGUbo5_8read_ply
FN:56,_RNvMNtNtCs5GcQ2UO1lZu_14wgpu_3dgs_core6buffer8gaussianINtB2_15GaussiansBufferNtB2_37GaussianPodWithShHalfCov3dHalfConfigsE23new_with_pods_and_usageCsdsnEFmGUbo5_8read_ply
FN:92,_RNvMNtNtCs5GcQ2UO1lZu_14wgpu_3dgs_core6buffer8gaussianINtB2_15GaussiansBufferNtB2_37GaussianPodWithShHalfCov3dHalfConfigsE3lenCsdsnEFmGUbo5_8read_ply
FN:21,_RNvMNtNtCs5GcQ2UO1lZu_14wgpu_3dgs_core6buffer8gaussianINtB2_15GaussiansBufferNtB2_37GaussianPodWithShHalfCov3dHalfConfigsE3newCsdsnEFmGUbo5_8read_ply
FN:217,_RNvXs_NtNtCs5GcQ2UO1lZu_14wgpu_3dgs_core6buffer8gaussianINtB4_15GaussiansBufferNtB4_37GaussianPodWithShHalfCov3dHalfConfigsENtB6_13BufferWrapper6bufferCsdsnEFmGUbo5_8read_ply
FN:271,_RNvYNtNtNtCs5GcQ2UO1lZu_14wgpu_3dgs_core6buffer8gaussian37GaussianPodWithShHalfCov3dHalfConfigsNtB4_11GaussianPod13from_gaussianCsdsnEFmGUbo5_8read_ply
FN:350,_RNvXs13_NtNtCs5GcQ2UO1lZu_14wgpu_3dgs_core6buffer8gaussianNtNtBa_8gaussian8GaussianINtNtCsmHtFwzCQ9E_4core7convert4FromNtB6_42GaussianPodWithShNorm8Cov3dRotScaleConfigsE4from
FN:350,_RNvXs1H_NtNtCs5GcQ2UO1lZu_14wgpu_3dgs_core6buffer8gaussianNtNtBa_8gaussian8GaussianINtNtCsmHtFwzCQ9E_4core7convert4FromNtB6_39GaussianPodWithShNoneCov3dSingleConfigsE4from
FN:350,_RNvXs1R_NtNtCs5GcQ2UO1lZu_14wgpu_3dgs_core6buffer8gaussianNtNtBa_8gaussian8GaussianINtNtCsmHtFwzCQ9E_4core7convert4FromNtB6_37GaussianPodWithShNoneCov3dHalfConfigsE4from
FN:350,_RNvXs1d_NtNtCs5GcQ2UO1lZu_14wgpu_3dgs_core6buffer8gaussianNtNtBa_8gaussian8GaussianINtNtCsmHtFwzCQ9E_4core7convert4FromNtB6_40GaussianPodWithShNorm8Cov3dSingleConfigsE4from
FN:350,_RNvXs1n_NtNtCs5GcQ2UO1lZu_14wgpu_3dgs_core6buffer8gaussianNtNtBa_8gaussian8GaussianINtNtCsmHtFwzCQ9E_4core7convert4FromNtB6_38GaussianPodWithShNorm8Cov3dHalfConfigsE4from
FN:350,_RNvXs1x_NtNtCs5GcQ2UO1lZu_14wgpu_3dgs_core6buffer8gaussianNtNtBa_8gaussian8GaussianINtNtCsmHtFwzCQ9E_4core7convert4FromNtB6_41GaussianPodWithShNoneCov3dRotScaleConfigsE4from
FN:350,_RNvXs5_NtNtCs5GcQ2UO1lZu_14wgpu_3dgs_core6buffer8gaussianNtNtB9_8gaussian8GaussianINtNtCsmHtFwzCQ9E_4core7convert4FromNtB5_43GaussianPodWithShSingleCov3dRotScaleConfigsE4from
FN:350,_RNvXsJ_NtNtCs5GcQ2UO1lZu_14wgpu_3dgs_core6buffer8gaussianNtNtB9_8gaussian8GaussianINtNtCsmHtFwzCQ9E_4core7convert4FromNtB5_39GaussianPodWithShHalfCov3dSingleConfigsE4from
FN:350,_RNvXsT_NtNtCs5GcQ2UO1lZu_14wgpu_3dgs_core6buffer8gaussianNtNtB9_8gaussian8GaussianINtNtCsmHtFwzCQ9E_4core7convert4FromNtB5_37GaussianPodWithShHalfCov3dHalfConfigsE4from
FN:350,_RNvXsf_NtNtCs5GcQ2UO1lZu_14wgpu_3dgs_core6buffer8gaussianNtNtB9_8gaussian8GaussianINtNtCsmHtFwzCQ9E_4core7convert4FromNtB5_41GaussianPodWithShSingleCov3dSingleConfigsE4from
FN:350,_RNvXsp_NtNtCs5GcQ2UO1lZu_14wgpu_3dgs_core6buffer8gaussianNtNtB9_8gaussian8GaussianINtNtCsmHtFwzCQ9E_4core7convert4FromNtB5_39GaussianPodWithShSingleCov3dHalfConfigsE4from
FN:350,_RNvXsz_NtNtCs5GcQ2UO1lZu_14wgpu_3dgs_core6buffer8gaussianNtNtB9_8gaussian8GaussianINtNtCsmHtFwzCQ9E_4core7convert4FromNtB5_41GaussianPodWithShHalfCov3dRotScaleConfigsE4from
FN:323,_RNvXs12_NtNtCs5GcQ2UO1lZu_14wgpu_3dgs_core6buffer8gaussianNtB6_42GaussianPodWithShNorm8Cov3dRotScaleConfigsINtNtCsmHtFwzCQ9E_4core7convert4FromRNtNtBa_8gaussian8GaussianE4from
FN:323,_RNvXs1G_NtNtCs5GcQ2UO1lZu_14wgpu_3dgs_core6buffer8gaussianNtB6_39GaussianPodWithShNoneCov3dSingleConfigsINtNtCsmHtFwzCQ9E_4core7convert4FromRNtNtBa_8gaussian8GaussianE4from
FN:323,_RNvXs1Q_NtNtCs5GcQ2UO1lZu_14wgpu_3dgs_core6buffer8gaussianNtB6_37GaussianPodWithShNoneCov3dHalfConfigsINtNtCsmHtFwzCQ9E_4core7convert4FromRNtNtBa_8gaussian8GaussianE4from
FN:323,_RNvXs1c_NtNtCs5GcQ2UO1lZu_14wgpu_3dgs_core6buffer8gaussianNtB6_40GaussianPodWithShNorm8Cov3dSingleConfigsINtNtCsmHtFwzCQ9E_4core7convert4FromRNtNtBa_8gaussian8GaussianE4from
FN:323,_RNvXs1m_NtNtCs5GcQ2UO1lZu_14wgpu_3dgs_core6buffer8gaussianNtB6_38GaussianPodWithShNorm8Cov3dHalfConfigsINtNtCsmHtFwzCQ9E_4core7convert4FromRNtNtBa_8gaussian8GaussianE4from
FN:323,_RNvXs1w_NtNtCs5GcQ2UO1lZu_14wgpu_3dgs_core6buffer8gaussianNtB6_41GaussianPodWithShNoneCov3dRotScaleConfigsINtNtCsmHtFwzCQ9E_4core7convert4FromRNtNtBa_8gaussian8GaussianE4from
FN:323,_RNvXs4_NtNtCs5GcQ2UO1lZu_14wgpu_3dgs_core6buffer8gaussianNtB5_43GaussianPodWithShSingleCov3dRotScaleConfigsINtNtCsmHtFwzCQ9E_4core7convert4FromRNtNtB9_8gaussian8GaussianE4from
FN:323,_RNvXsI_NtNtCs5GcQ2UO1lZu_14wgpu_3dgs_core6buffer8gaussianNtB5_39GaussianPodWithShHalfCov3dSingleConfigsINtNtCsmHtFwzCQ9E_4core7convert4FromRNtNtB9_8gaussian8GaussianE4from
FN:323,_RNvXsS_NtNtCs5GcQ2UO1lZu_14wgpu_3dgs_core6buffer8gaussianNtB5_37GaussianPodWithShHalfCov3dHalfConfigsINtNtCsmHtFwzCQ9E_4core7convert4FromRNtNtB9_8gaussian8GaussianE4from
FN:323,_RNvXse_NtNtCs5GcQ2UO1lZu_14wgpu_3dgs_core6buffer8gaussianNtB5_41GaussianPodWithShSingleCov3dSingleConfigsINtNtCsmHtFwzCQ9E_4core7convert4FromRNtNtB9_8gaussian8GaussianE4from
FN:323,_RNvXso_NtNtCs5GcQ2UO1lZu_14wgpu_3dgs_core6buffer8gaussianNtB5_39GaussianPodWithShSingleCov3dHalfConfigsINtNtCsmHtFwzCQ9E_4core7convert4FromRNtNtB9_8gaussian8GaussianE4from
FN:323,_RNvXsy_NtNtCs5GcQ2UO1lZu_14wgpu_3dgs_core6buffer8gaussianNtB5_41GaussianPodWithShHalfCov3dRotScaleConfigsINtNtCsmHtFwzCQ9E_4core7convert4FromRNtNtB9_8gaussian8GaussianE4from
FNDA:1,_RNvMNtNtCs5GcQ2UO1lZu_14wgpu_3dgs_core6buffer8gaussianINtB2_15GaussiansBufferNtB2_37GaussianPodWithShHalfCov3dHalfConfigsE13new_with_podsCsdsnEFmGUbo5_8read_ply
FNDA:1,_RNvMNtNtCs5GcQ2UO1lZu_14wgpu_3dgs_core6buffer8gaussianINtB2_15GaussiansBufferNtB2_37GaussianPodWithShHalfCov3dHalfConfigsE23new_with_pods_and_usageCsdsnEFmGUbo5_8read_ply
FNDA:1,_RNvMNtNtCs5GcQ2UO1lZu_14wgpu_3dgs_core6buffer8gaussianINtB2_15GaussiansBufferNtB2_37GaussianPodWithShHalfCov3dHalfConfigsE3lenCsdsnEFmGUbo5_8read_ply
FNDA:1,_RNvMNtNtCs5GcQ2UO1lZu_14wgpu_3dgs_core6buffer8gaussianINtB2_15GaussiansBufferNtB2_37GaussianPodWithShHalfCov3dHalfConfigsE3newCsdsnEFmGUbo5_8read_ply
FNDA:1,_RNvXs_NtNtCs5GcQ2UO1lZu_14wgpu_3dgs_core6buffer8gaussianINtB4_15GaussiansBufferNtB4_37GaussianPodWithShHalfCov3dHalfConfigsENtB6_13BufferWrapper6bufferCsdsnEFmGUbo5_8read_ply
FNDA:9,_RNvYNtNtNtCs5GcQ2UO1lZu_14wgpu_3dgs_core6buffer8gaussian37GaussianPodWithShHalfCov3dHalfConfigsNtB4_11GaussianPod13from_gaussianCsdsnEFmGUbo5_8read_ply
FNDA:0,_RNvXs13_NtNtCs5GcQ2UO1lZu_14wgpu_3dgs_core6buffer8gaussianNtNtBa_8gaussian8GaussianINtNtCsmHtFwzCQ9E_4core7convert4FromNtB6_42GaussianPodWithShNorm8Cov3dRotScaleConfigsE4from
FNDA:0,_RNvXs1H_NtNtCs5GcQ2UO1lZu_14wgpu_3dgs_core6buffer8gaussianNtNtBa_8gaussian8GaussianINtNtCsmHtFwzCQ9E_4core7convert4FromNtB6_39GaussianPodWithShNoneCov3dSingleConfigsE4from
FNDA:0,_RNvXs1R_NtNtCs5GcQ2UO1lZu_14wgpu_3dgs_core6buffer8gaussianNtNtBa_8gaussian8GaussianINtNtCsmHtFwzCQ9E_4core7convert4FromNtB6_37GaussianPodWithShNoneCov3dHalfConfigsE4from
FNDA:0,_RNvXs1d_NtNtCs5GcQ2UO1lZu_14wgpu_3dgs_core6buffer8gaussianNtNtBa_8gaussian8GaussianINtNtCsmHtFwzCQ9E_4core7convert4FromNtB6_40GaussianPodWithShNorm8Cov3dSingleConfigsE4from
FNDA:0,_RNvXs1n_NtNtCs5GcQ2UO1lZu_14wgpu_3dgs_core6buffer8gaussianNtNtBa_8gaussian8GaussianINtNtCsmHtFwzCQ9E_4core7convert4FromNtB6_38GaussianPodWithShNorm8Cov3dHalfConfigsE4from
FNDA:0,_RNvXs1x_NtNtCs5GcQ2UO1lZu_14wgpu_3dgs_core6buffer8gaussianNtNtBa_8gaussian8GaussianINtNtCsmHtFwzCQ9E_4core7convert4FromNtB6_41GaussianPodWithShNoneCov3dRotScaleConfigsE4from
FNDA:0,_RNvXs5_NtNtCs5GcQ2UO1lZu_14wgpu_3dgs_core6buffer8gaussianNtNtB9_8gaussian8GaussianINtNtCsmHtFwzCQ9E_4core7convert4FromNtB5_43GaussianPodWithShSingleCov3dRotScaleConfigsE4from
FNDA:0,_RNvXsJ_NtNtCs5GcQ2UO1lZu_14wgpu_3dgs_core6buffer8gaussianNtNtB9_8gaussian8GaussianINtNtCsmHtFwzCQ9E_4core7convert4FromNtB5_39GaussianPodWithShHalfCov3dSingleConfigsE4from
FNDA:0,_RNvXsT_NtNtCs5GcQ2UO1lZu_14wgpu_3dgs_core6buffer8gaussianNtNtB9_8gaussian8GaussianINtNtCsmHtFwzCQ9E_4core7convert4FromNtB5_37GaussianPodWithShHalfCov3dHalfConfigsE4from
FNDA:0,_RNvXsf_NtNtCs5GcQ2UO1lZu_14wgpu_3dgs_core6buffer8gaussianNtNtB9_8gaussian8GaussianINtNtCsmHtFwzCQ9E_4core7convert4FromNtB5_41GaussianPodWithShSingleCov3dSingleConfigsE4from
FNDA:0,_RNvXsp_NtNtCs5GcQ2UO1lZu_14wgpu_3dgs_core6buffer8gaussianNtNtB9_8gaussian8GaussianINtNtCsmHtFwzCQ9E_4core7convert4FromNtB5_39GaussianPodWithShSingleCov3dHalfConfigsE4from
FNDA:0,_RNvXsz_NtNtCs5GcQ2UO1lZu_14wgpu_3dgs_core6buffer8gaussianNtNtB9_8gaussian8GaussianINtNtCsmHtFwzCQ9E_4core7convert4FromNtB5_41GaussianPodWithShHalfCov3dRotScaleConfigsE4from
FNDA:0,_RNvXs12_NtNtCs5GcQ2UO1lZu_14wgpu_3dgs_core6buffer8gaussianNtB6_42GaussianPodWithShNorm8Cov3dRotScaleConfigsINtNtCsmHtFwzCQ9E_4core7convert4FromRNtNtBa_8gaussian8GaussianE4from
FNDA:0,_RNvXs1G_NtNtCs5GcQ2UO1lZu_14wgpu_3dgs_core6buffer8gaussianNtB6_39GaussianPodWithShNoneCov3dSingleConfigsINtNtCsmHtFwzCQ9E_4core7convert4FromRNtNtBa_8gaussian8GaussianE4from
FNDA:0,_RNvXs1Q_NtNtCs5GcQ2UO1lZu_14wgpu_3dgs_core6buffer8gaussianNtB6_37GaussianPodWithShNoneCov3dHalfConfigsINtNtCsmHtFwzCQ9E_4core7convert4FromRNtNtBa_8gaussian8GaussianE4from
FNDA:0,_RNvXs1c_NtNtCs5GcQ2UO1lZu_14wgpu_3dgs_core6buffer8gaussianNtB6_40GaussianPodWithShNorm8Cov3dSingleConfigsINtNtCsmHtFwzCQ9E_4core7convert4FromRNtNtBa_8gaussian8GaussianE4from
FNDA:0,_RNvXs1m_NtNtCs5GcQ2UO1lZu_14wgpu_3dgs_core6buffer8gaussianNtB6_38GaussianPodWithShNorm8Cov3dHalfConfigsINtNtCsmHtFwzCQ9E_4core7convert4FromRNtNtBa_8gaussian8GaussianE4from
FNDA:0,_RNvXs1w_NtNtCs5GcQ2UO1lZu_14wgpu_3dgs_core6buffer8gaussianNtB6_41GaussianPodWithShNoneCov3dRotScaleConfigsINtNtCsmHtFwzCQ9E_4core7convert4FromRNtNtBa_8gaussian8GaussianE4from
FNDA:0,_RNvXs4_NtNtCs5GcQ2UO1lZu_14wgpu_3dgs_core6buffer8gaussianNtB5_43GaussianPodWithShSingleCov3dRotScaleConfigsINtNtCsmHtFwzCQ9E_4core7convert4FromRNtNtB9_8gaussian8GaussianE4from
FNDA:0,_RNvXsI_NtNtCs5GcQ2UO1lZu_14wgpu_3dgs_core6buffer8gaussianNtB5_39GaussianPodWithShHalfCov3dSingleConfigsINtNtCsmHtFwzCQ9E_4core7convert4FromRNtNtB9_8gaussian8GaussianE4from
FNDA:9,_RNvXsS_NtNtCs5GcQ2UO1lZu_14wgpu_3dgs_core6buffer8gaussianNtB5_37GaussianPodWithShHalfCov3dHalfConfigsINtNtCsmHtFwzCQ9E_4core7convert4FromRNtNtB9_8gaussian8GaussianE4from
FNDA:0,_RNvXse_NtNtCs5GcQ2UO1lZu_14wgpu_3dgs_core6buffer8gaussianNtB5_41GaussianPodWithShSingleCov3dSingleConfigsINtNtCsmHtFwzCQ9E_4core7convert4FromRNtNtB9_8gaussian8GaussianE4from
FNDA:0,_RNvXso_NtNtCs5GcQ2UO1lZu_14wgpu_3dgs_core6buffer8gaussianNtB5_39GaussianPodWithShSingleCov3dHalfConfigsINtNtCsmHtFwzCQ9E_4core7convert4FromRNtNtB9_8gaussian8GaussianE4from
FNDA:0,_RNvXsy_NtNtCs5GcQ2UO1lZu_14wgpu_3dgs_core6buffer8gaussianNtB5_41GaussianPodWithShHalfCov3dRotScaleConfigsINtNtCsmHtFwzCQ9E_4core7convert4FromRNtNtB9_8gaussian8GaussianE4from
FNF:8
FNH:7
DA:21,1
DA:22,1
DA:23,1
DA:24,1
DA:25,1
DA:26,1
DA:27,1
DA:28,1
DA:30,1
DA:50,1
DA:51,1
DA:52,1
DA:56,1
DA:57,1
DA:58,1
DA:59,1
DA:60,1
DA:61,1
DA:62,1
DA:63,1
DA:64,1
DA:65,1
DA:67,1
DA:68,1
DA:92,1
DA:93,1
DA:94,1
DA:217,1
DA:218,1
DA:219,1
DA:271,9
DA:272,9
DA:273,9
DA:323,9
DA:325,9
DA:326,9
DA:327,9
DA:331,9
DA:334,9
DA:337,9
DA:339,9
DA:340,9
DA:341,9
DA:342,9
DA:343,9
DA:344,9
DA:345,9
DA:346,9
DA:350,0
DA:352,0
DA:355,0
DA:358,0
DA:361,0
DA:363,0
DA:364,0
DA:365,0
DA:366,0
DA:367,0
DA:368,0
DA:369,0
DA:370,0
BRF:0
BRH:0
LF:61
LH:48
end_of_record
SF:C:\Users\s2010\Me\Codes\Rust\wgpu-3dgs-core\src\buffer\gaussian_transform.rs
FN:90,_RNvXs1_NtNtCs5GcQ2UO1lZu_14wgpu_3dgs_core6buffer18gaussian_transformNtNtNtCs6SuqjnLQ6sF_4wgpu3api6buffer6BufferINtNtCsmHtFwzCQ9E_4core7convert4FromNtB5_23GaussianTransformBufferE4from
FN:99,_RNCNvXs2_NtNtCs5GcQ2UO1lZu_14wgpu_3dgs_core6buffer18gaussian_transformNtB7_23GaussianTransformBufferINtNtCsmHtFwzCQ9E_4core7convert7TryFromNtNtNtCs6SuqjnLQ6sF_4wgpu3api6buffer6BufferE8try_from0Bb_
FNDA:0,_RNvXs1_NtNtCs5GcQ2UO1lZu_14wgpu_3dgs_core6buffer18gaussian_transformNtNtNtCs6SuqjnLQ6sF_4wgpu3api6buffer6BufferINtNtCsmHtFwzCQ9E_4core7convert4FromNtB5_23GaussianTransformBufferE4from
FNDA:0,_RNCNvXs2_NtNtCs5GcQ2UO1lZu_14wgpu_3dgs_core6buffer18gaussian_transformNtB7_23GaussianTransformBufferINtNtCsmHtFwzCQ9E_4core7convert7TryFromNtNtNtCs6SuqjnLQ6sF_4wgpu3api6buffer6BufferE8try_from0Bb_
FNF:2
FNH:0
DA:90,0
DA:91,0
DA:92,0
DA:99,0
BRF:0
BRH:0
LF:4
LH:0
end_of_record
SF:C:\Users\s2010\Me\Codes\Rust\wgpu-3dgs-core\src\buffer\mod.rs
FN:23,_RNvXNtCs5GcQ2UO1lZu_14wgpu_3dgs_core6bufferNtNtNtCs6SuqjnLQ6sF_4wgpu3api6buffer6BufferNtB2_13BufferWrapper6buffer
FN:109,_RNvYNtNtNtCs5GcQ2UO1lZu_14wgpu_3dgs_core6buffer15model_transform20ModelTransformBufferNtB6_22FixedSizeBufferWrapper18verify_buffer_sizeB8_
FN:102,_RNvYNtNtNtCs5GcQ2UO1lZu_14wgpu_3dgs_core6buffer15model_transform20ModelTransformBufferNtB6_22FixedSizeBufferWrapper8pod_sizeB8_
FN:109,_RNvYNtNtNtCs5GcQ2UO1lZu_14wgpu_3dgs_core6buffer18gaussian_transform23GaussianTransformBufferNtB6_22FixedSizeBufferWrapper18verify_buffer_sizeB8_
FN:102,_RNvYNtNtNtCs5GcQ2UO1lZu_14wgpu_3dgs_core6buffer18gaussian_transform23GaussianTransformBufferNtB6_22FixedSizeBufferWrapper8pod_sizeB8_
FNDA:0,_RNvXNtCs5GcQ2UO1lZu_14wgpu_3dgs_core6bufferNtNtNtCs6SuqjnLQ6sF_4wgpu3api6buffer6BufferNtB2_13BufferWrapper6buffer
FNDA:0,_RNvYNtNtNtCs5GcQ2UO1lZu_14wgpu_3dgs_core6buffer15model_transform20ModelTransformBufferNtB6_22FixedSizeBufferWrapper18verify_buffer_sizeB8_
FNDA:0,_RNvYNtNtNtCs5GcQ2UO1lZu_14wgpu_3dgs_core6buffer15model_transform20ModelTransformBufferNtB6_22FixedSizeBufferWrapper8pod_sizeB8_
FNDA:0,_RNvYNtNtNtCs5GcQ2UO1lZu_14wgpu_3dgs_core6buffer18gaussian_transform23GaussianTransformBufferNtB6_22FixedSizeBufferWrapper18verify_buffer_sizeB8_
FNDA:0,_RNvYNtNtNtCs5GcQ2UO1lZu_14wgpu_3dgs_core6buffer18gaussian_transform23GaussianTransformBufferNtB6_22FixedSizeBufferWrapper8pod_sizeB8_
FNF:3
FNH:0
DA:23,0
DA:24,0
DA:25,0
DA:102,0
DA:103,0
DA:104,0
DA:109,0
DA:110,0
DA:111,0
DA:112,0
DA:113,0
DA:114,0
DA:115,0
DA:116,0
DA:117,0
DA:118,0
DA:119,0
BRF:0
BRH:0
LF:17
LH:0
end_of_record
SF:C:\Users\s2010\Me\Codes\Rust\wgpu-3dgs-core\src\buffer\model_transform.rs
FN:43,_RNvXs0_NtNtCs5GcQ2UO1lZu_14wgpu_3dgs_core6buffer15model_transformNtNtNtCs6SuqjnLQ6sF_4wgpu3api6buffer6BufferINtNtCsmHtFwzCQ9E_4core7convert4FromNtB5_20ModelTransformBufferE4from
FN:52,_RNCNvXs1_NtNtCs5GcQ2UO1lZu_14wgpu_3dgs_core6buffer15model_transformNtB7_20ModelTransformBufferINtNtCsmHtFwzCQ9E_4core7convert7TryFromNtNtNtCs6SuqjnLQ6sF_4wgpu3api6buffer6BufferE8try_from0Bb_
FNDA:0,_RNvXs0_NtNtCs5GcQ2UO1lZu_14wgpu_3dgs_core6buffer15model_transformNtNtNtCs6SuqjnLQ6sF_4wgpu3api6buffer6BufferINtNtCsmHtFwzCQ9E_4core7convert4FromNtB5_20ModelTransformBufferE4from
FNDA:0,_RNCNvXs1_NtNtCs5GcQ2UO1lZu_14wgpu_3dgs_core6buffer15model_transformNtB7_20ModelTransformBufferINtNtCsmHtFwzCQ9E_4core7convert7TryFromNtNtNtCs6SuqjnLQ6sF_4wgpu3api6buffer6BufferE8try_from0Bb_
FNF:2
FNH:0
DA:43,0
DA:44,0
DA:45,0
DA:52,0
BRF:0
BRH:0
LF:4
LH:0
end_of_record
SF:C:\Users\s2010\Me\Codes\Rust\wgpu-3dgs-core\src\gaussian.rs
FN:40,_RINvMNtCs5GcQ2UO1lZu_14wgpu_3dgs_core8gaussianNtB3_9Gaussians15read_ply_headerINtNtNtNtCs9iOHoBythrW_3std2io8buffered9bufreader9BufReaderNtNtB1n_2fs4FileEECsdsnEFmGUbo5_8read_ply
FN:75,_RINvMNtCs5GcQ2UO1lZu_14wgpu_3dgs_core8gaussianNtB3_9Gaussians18read_ply_gaussiansINtNtNtNtCs9iOHoBythrW_3std2io8buffered9bufreader9BufReaderNtNtB1q_2fs4FileEECsdsnEFmGUbo5_8read_ply
FN:24,_RINvMNtCs5GcQ2UO1lZu_14wgpu_3dgs_core8gaussianNtB3_9Gaussians8read_plyINtNtNtNtCs9iOHoBythrW_3std2io8buffered9bufreader9BufReaderNtNtB1f_2fs4FileEECsdsnEFmGUbo5_8read_ply
FN:58,_RNCINvMNtCs5GcQ2UO1lZu_14wgpu_3dgs_core8gaussianNtB5_9Gaussians15read_ply_headerINtNtNtNtCs9iOHoBythrW_3std2io8buffered9bufreader9BufReaderNtNtB1p_2fs4FileEE0CsdsnEFmGUbo5_8read_ply
FN:84,_RNCINvMNtCs5GcQ2UO1lZu_14wgpu_3dgs_core8gaussianNtB5_9Gaussians18read_ply_gaussiansINtNtNtNtCs9iOHoBythrW_3std2io8buffered9bufreader9BufReaderNtNtB1s_2fs4FileEE0CsdsnEFmGUbo5_8read_ply
FN:94,_RNCINvMNtCs5GcQ2UO1lZu_14wgpu_3dgs_core8gaussianNtB5_9Gaussians18read_ply_gaussiansINtNtNtNtCs9iOHoBythrW_3std2io8buffered9bufreader9BufReaderNtNtB1s_2fs4FileEEs_0CsdsnEFmGUbo5_8read_ply
FN:105,_RNCNCINvMNtCs5GcQ2UO1lZu_14wgpu_3dgs_core8gaussianNtB7_9Gaussians18read_ply_gaussiansINtNtNtNtCs9iOHoBythrW_3std2io8buffered9bufreader9BufReaderNtNtB1u_2fs4FileEEs_00CsdsnEFmGUbo5_8read_ply
FN:107,_RNCNCINvMNtCs5GcQ2UO1lZu_14wgpu_3dgs_core8gaussianNtB7_9Gaussians18read_ply_gaussiansINtNtNtNtCs9iOHoBythrW_3std2io8buffered9bufreader9BufReaderNtNtB1u_2fs4FileEEs_0s_0CsdsnEFmGUbo5_8read_ply
FN:200,_RNvMs_NtCs5GcQ2UO1lZu_14wgpu_3dgs_core8gaussianNtB4_8Gaussian6to_ply
FN:170,_RNvMs_NtCs5GcQ2UO1lZu_14wgpu_3dgs_core8gaussianNtB4_8Gaussian8from_ply
FN:241,_RNvXs0_NtCs5GcQ2UO1lZu_14wgpu_3dgs_core8gaussianNtB5_8GaussianINtNtCsmHtFwzCQ9E_4core7convert4FromNtNtB7_3ply14PlyGaussianPodE4from
FN:247,_RNvXs1_NtCs5GcQ2UO1lZu_14wgpu_3dgs_core8gaussianNtB5_8GaussianINtNtCsmHtFwzCQ9E_4core7convert4FromRNtNtB7_3ply14PlyGaussianPodE4from
FN:208,_RNCNvMs_NtCs5GcQ2UO1lZu_14wgpu_3dgs_core8gaussianNtB6_8Gaussian6to_ply0B8_
FN:188,_RNCNvMs_NtCs5GcQ2UO1lZu_14wgpu_3dgs_core8gaussianNtB6_8Gaussian8from_ply0B8_
FNDA:1,_RINvMNtCs5GcQ2UO1lZu_14wgpu_3dgs_core8gaussianNtB3_9Gaussians15read_ply_headerINtNtNtNtCs9iOHoBythrW_3std2io8buffered9bufreader9BufReaderNtNtB1n_2fs4FileEECsdsnEFmGUbo5_8read_ply
FNDA:1,_RINvMNtCs5GcQ2UO1lZu_14wgpu_3dgs_core8gaussianNtB3_9Gaussians18read_ply_gaussiansINtNtNtNtCs9iOHoBythrW_3std2io8buffered9bufreader9BufReaderNtNtB1q_2fs4FileEECsdsnEFmGUbo5_8read_ply
FNDA:1,_RINvMNtCs5GcQ2UO1lZu_14wgpu_3dgs_core8gaussianNtB3_9Gaussians8read_plyINtNtNtNtCs9iOHoBythrW_3std2io8buffered9bufreader9BufReaderNtNtB1f_2fs4FileEECsdsnEFmGUbo5_8read_ply
FNDA:62,_RNCINvMNtCs5GcQ2UO1lZu_14wgpu_3dgs_core8gaussianNtB5_9Gaussians15read_ply_headerINtNtNtNtCs9iOHoBythrW_3std2io8buffered9bufreader9BufReaderNtNtB1p_2fs4FileEE0CsdsnEFmGUbo5_8read_ply
FNDA:9,_RNCINvMNtCs5GcQ2UO1lZu_14wgpu_3dgs_core8gaussianNtB5_9Gaussians18read_ply_gaussiansINtNtNtNtCs9iOHoBythrW_3std2io8buffered9bufreader9BufReaderNtNtB1s_2fs4FileEE0CsdsnEFmGUbo5_8read_ply
FNDA:0,_RNCINvMNtCs5GcQ2UO1lZu_14wgpu_3dgs_core8gaussianNtB5_9Gaussians18read_ply_gaussiansINtNtNtNtCs9iOHoBythrW_3std2io8buffered9bufreader9BufReaderNtNtB1s_2fs4FileEEs_0CsdsnEFmGUbo5_8read_ply
FNDA:0,_RNCNCINvMNtCs5GcQ2UO1lZu_14wgpu_3dgs_core8gaussianNtB7_9Gaussians18read_ply_gaussiansINtNtNtNtCs9iOHoBythrW_3std2io8buffered9bufreader9BufReaderNtNtB1u_2fs4FileEEs_00CsdsnEFmGUbo5_8read_ply
FNDA:0,_RNCNCINvMNtCs5GcQ2UO1lZu_14wgpu_3dgs_core8gaussianNtB7_9Gaussians18read_ply_gaussiansINtNtNtNtCs9iOHoBythrW_3std2io8buffered9bufreader9BufReaderNtNtB1u_2fs4FileEEs_0s_0CsdsnEFmGUbo5_8read_ply
FNDA:0,_RNvMs_NtCs5GcQ2UO1lZu_14wgpu_3dgs_core8gaussianNtB4_8Gaussian6to_ply
FNDA:9,_RNvMs_NtCs5GcQ2UO1lZu_14wgpu_3dgs_core8gaussianNtB4_8Gaussian8from_ply
FNDA:9,_RNvXs0_NtCs5GcQ2UO1lZu_14wgpu_3dgs_core8gaussianNtB5_8GaussianINtNtCsmHtFwzCQ9E_4core7convert4FromNtNtB7_3ply14PlyGaussianPodE4from
FNDA:0,_RNvXs1_NtCs5GcQ2UO1lZu_14wgpu_3dgs_core8gaussianNtB5_8GaussianINtNtCsmHtFwzCQ9E_4core7convert4FromRNtNtB7_3ply14PlyGaussianPodE4from
FNDA:0,_RNCNvMs_NtCs5GcQ2UO1lZu_14wgpu_3dgs_core8gaussianNtB6_8Gaussian6to_ply0B8_
FNDA:135,_RNCNvMs_NtCs5GcQ2UO1lZu_14wgpu_3dgs_core8gaussianNtB6_8Gaussian8from_ply0B8_
FNF:14
FNH:8
DA:24,1
DA:25,1
DA:27,1
DA:28,1
DA:30,9
DA:31,9
DA:34,1
DA:35,1
DA:40,1
DA:41,1
DA:42,1
DA:43,1
DA:44,1
DA:45,1
DA:46,1
DA:53,1
DA:54,1
DA:55,1
DA:56,1
DA:57,1
DA:58,62
DA:59,62
DA:60,62
DA:61,62
DA:62,62
DA:63,1
DA:65,1
DA:66,0
DA:69,1
DA:70,1
DA:75,1
DA:76,1
DA:77,1
DA:78,1
DA:79,1
DA:80,1
DA:82,1
DA:83,1
DA:84,9
DA:85,9
DA:86,9
DA:87,9
DA:88,9
DA:90,0
DA:91,0
DA:93,0
DA:94,0
DA:95,0
DA:96,0
DA:98,0
DA:100,0
DA:101,0
DA:103,0
DA:104,0
DA:105,0
DA:106,0
DA:107,0
DA:108,0
DA:109,0
DA:110,0
DA:113,0
DA:115,0
DA:117,0
DA:120,0
DA:123,0
DA:126,0
DA:130,1
DA:170,9
DA:172,9
DA:175,9
DA:178,9
DA:182,9
DA:183,9
DA:184,9
DA:185,9
DA:188,135
DA:190,9
DA:191,9
DA:192,9
DA:193,9
DA:194,9
DA:195,9
DA:196,9
DA:197,9
DA:200,0
DA:202,0
DA:205,0
DA:208,0
DA:212,0
DA:213,0
DA:216,0
DA:219,0
DA:220,0
DA:221,0
DA:222,0
DA:223,0
DA:224,0
DA:226,0
DA:228,0
DA:229,0
DA:230,0
DA:231,0
DA:232,0
DA:233,0
DA:234,0
DA:235,0
DA:236,0
DA:237,0
DA:241,9
DA:242,9
DA:243,9
DA:247,0
DA:248,0
DA:249,0
BRF:0
BRH:0
LF:120
LH:65
end_of_record
SF:C:\Users\s2010\Me\Codes\Rust\wgpu-3dgs-core\src\gaussian_config.rs
FN:43,_RNvXNtCs5GcQ2UO1lZu_14wgpu_3dgs_core15gaussian_configNtB2_22GaussianShSingleConfigNtB2_16GaussianShConfig5to_sh
FN:39,_RNvXNtCs5GcQ2UO1lZu_14wgpu_3dgs_core15gaussian_configNtB2_22GaussianShSingleConfigNtB2_16GaussianShConfig7from_sh
FN:111,_RNvXs0_NtCs5GcQ2UO1lZu_14wgpu_3dgs_core15gaussian_configNtB5_21GaussianShNorm8ConfigNtB5_16GaussianShConfig5to_sh
FN:90,_RNvXs0_NtCs5GcQ2UO1lZu_14wgpu_3dgs_core15gaussian_configNtB5_21GaussianShNorm8ConfigNtB5_16GaussianShConfig7from_sh
FN:143,_RNvXs1_NtCs5GcQ2UO1lZu_14wgpu_3dgs_core15gaussian_configNtB5_20GaussianShNoneConfigNtB5_16GaussianShConfig5to_sh
FN:141,_RNvXs1_NtCs5GcQ2UO1lZu_14wgpu_3dgs_core15gaussian_configNtB5_20GaussianShNoneConfigNtB5_16GaussianShConfig7from_sh
FN:189,_RNvXs2_NtCs5GcQ2UO1lZu_14wgpu_3dgs_core15gaussian_configNtB5_27GaussianCov3dRotScaleConfigNtB5_19GaussianCov3dConfig12to_rot_scale
FN:185,_RNvXs2_NtCs5GcQ2UO1lZu_14wgpu_3dgs_core15gaussian_configNtB5_27GaussianCov3dRotScaleConfigNtB5_19GaussianCov3dConfig14from_rot_scale
FN:223,_RNvXs3_NtCs5GcQ2UO1lZu_14wgpu_3dgs_core15gaussian_configNtB5_25GaussianCov3dSingleConfigNtB5_19GaussianCov3dConfig12to_rot_scale
FN:207,_RNvXs3_NtCs5GcQ2UO1lZu_14wgpu_3dgs_core15gaussian_configNtB5_25GaussianCov3dSingleConfigNtB5_19GaussianCov3dConfig14from_rot_scale
FN:242,_RNvXs4_NtCs5GcQ2UO1lZu_14wgpu_3dgs_core15gaussian_configNtB5_23GaussianCov3dHalfConfigNtB5_19GaussianCov3dConfig12to_rot_scale
FN:238,_RNvXs4_NtCs5GcQ2UO1lZu_14wgpu_3dgs_core15gaussian_configNtB5_23GaussianCov3dHalfConfigNtB5_19GaussianCov3dConfig14from_rot_scale
FN:66,_RNvXs_NtCs5GcQ2UO1lZu_14wgpu_3dgs_core15gaussian_configNtB4_20GaussianShHalfConfigNtB4_16GaussianShConfig5to_sh
FN:56,_RNvXs_NtCs5GcQ2UO1lZu_14wgpu_3dgs_core15gaussian_configNtB4_20GaussianShHalfConfigNtB4_16GaussianShConfig7from_sh
FN:118,_RNCNvXs0_NtCs5GcQ2UO1lZu_14wgpu_3dgs_core15gaussian_configNtB7_21GaussianShNorm8ConfigNtB7_16GaussianShConfig5to_sh0B9_
FN:93,_RNCNvXs0_NtCs5GcQ2UO1lZu_14wgpu_3dgs_core15gaussian_configNtB7_21GaussianShNorm8ConfigNtB7_16GaussianShConfig7from_sh0B9_
FN:103,_RNCNvXs0_NtCs5GcQ2UO1lZu_14wgpu_3dgs_core15gaussian_configNtB7_21GaussianShNorm8ConfigNtB7_16GaussianShConfig7from_shs0_0B9_
FN:94,_RNCNvXs0_NtCs5GcQ2UO1lZu_14wgpu_3dgs_core15gaussian_configNtB7_21GaussianShNorm8ConfigNtB7_16GaussianShConfig7from_shs_0B9_
FN:69,_RNCNvXs_NtCs5GcQ2UO1lZu_14wgpu_3dgs_core15gaussian_configNtB6_20GaussianShHalfConfigNtB6_16GaussianShConfig5to_sh0B8_
FN:58,_RNCNvXs_NtCs5GcQ2UO1lZu_14wgpu_3dgs_core15gaussian_configNtB6_20GaussianShHalfConfigNtB6_16GaussianShConfig7from_sh0B8_
FNDA:0,_RNvXNtCs5GcQ2UO1lZu_14wgpu_3dgs_core15gaussian_configNtB2_22GaussianShSingleConfigNtB2_16GaussianShConfig5to_sh
FNDA:0,_RNvXNtCs5GcQ2UO1lZu_14wgpu_3dgs_core15gaussian_configNtB2_22GaussianShSingleConfigNtB2_16GaussianShConfig7from_sh
FNDA:0,_RNvXs0_NtCs5GcQ2UO1lZu_14wgpu_3dgs_core15gaussian_configNtB5_21GaussianShNorm8ConfigNtB5_16GaussianShConfig5to_sh
FNDA:0,_RNvXs0_NtCs5GcQ2UO1lZu_14wgpu_3dgs_core15gaussian_configNtB5_21GaussianShNorm8ConfigNtB5_16GaussianShConfig7from_sh
FNDA:0,_RNvXs1_NtCs5GcQ2UO1lZu_14wgpu_3dgs_core15gaussian_configNtB5_20GaussianShNoneConfigNtB5_16GaussianShConfig5to_sh
FNDA:0,_RNvXs1_NtCs5GcQ2UO1lZu_14wgpu_3dgs_core15gaussian_configNtB5_20GaussianShNoneConfigNtB5_16GaussianShConfig7from_sh
FNDA:0,_RNvXs2_NtCs5GcQ2UO1lZu_14wgpu_3dgs_core15gaussian_configNtB5_27GaussianCov3dRotScaleConfigNtB5_19GaussianCov3dConfig12to_rot_scale
FNDA:0,_RNvXs2_NtCs5GcQ2UO1lZu_14wgpu_3dgs_core15gaussian_configNtB5_27GaussianCov3dRotScaleConfigNtB5_19GaussianCov3dConfig14from_rot_scale
FNDA:0,_RNvXs3_NtCs5GcQ2UO1lZu_14wgpu_3dgs_core15gaussian_configNtB5_25GaussianCov3dSingleConfigNtB5_19GaussianCov3dConfig12to_rot_scale
FNDA:9,_RNvXs3_NtCs5GcQ2UO1lZu_14wgpu_3dgs_core15gaussian_configNtB5_25GaussianCov3dSingleConfigNtB5_19GaussianCov3dConfig14from_rot_scale
FNDA:0,_RNvXs4_NtCs5GcQ2UO1lZu_14wgpu_3dgs_core15gaussian_configNtB5_23GaussianCov3dHalfConfigNtB5_19GaussianCov3dConfig12to_rot_scale
FNDA:9,_RNvXs4_NtCs5GcQ2UO1lZu_14wgpu_3dgs_core15gaussian_configNtB5_23GaussianCov3dHalfConfigNtB5_19GaussianCov3dConfig14from_rot_scale
FNDA:0,_RNvXs_NtCs5GcQ2UO1lZu_14wgpu_3dgs_core15gaussian_configNtB4_20GaussianShHalfConfigNtB4_16GaussianShConfig5to_sh
FNDA:9,_RNvXs_NtCs5GcQ2UO1lZu_14wgpu_3dgs_core15gaussian_configNtB4_20GaussianShHalfConfigNtB4_16GaussianShConfig7from_sh
FNDA:0,_RNCNvXs0_NtCs5GcQ2UO1lZu_14wgpu_3dgs_core15gaussian_configNtB7_21GaussianShNorm8ConfigNtB7_16GaussianShConfig5to_sh0B9_
FNDA:0,_RNCNvXs0_NtCs5GcQ2UO1lZu_14wgpu_3dgs_core15gaussian_configNtB7_21GaussianShNorm8ConfigNtB7_16GaussianShConfig7from_sh0B9_
FNDA:0,_RNCNvXs0_NtCs5GcQ2UO1lZu_14wgpu_3dgs_core15gaussian_configNtB7_21GaussianShNorm8ConfigNtB7_16GaussianShConfig7from_shs0_0B9_
FNDA:0,_RNCNvXs0_NtCs5GcQ2UO1lZu_14wgpu_3dgs_core15gaussian_configNtB7_21GaussianShNorm8ConfigNtB7_16GaussianShConfig7from_shs_0B9_
FNDA:0,_RNCNvXs_NtCs5GcQ2UO1lZu_14wgpu_3dgs_core15gaussian_configNtB6_20GaussianShHalfConfigNtB6_16GaussianShConfig5to_sh0B8_
FNDA:135,_RNCNvXs_NtCs5GcQ2UO1lZu_14wgpu_3dgs_core15gaussian_configNtB6_20GaussianShHalfConfigNtB6_16GaussianShConfig7from_sh0B8_
FNF:20
FNH:4
DA:39,0
DA:40,0
DA:41,0
DA:43,0
DA:44,0
DA:45,0
DA:56,9
DA:57,9
DA:58,135
DA:59,9
DA:60,9
DA:61,9
DA:62,9
DA:63,9
DA:64,9
DA:66,0
DA:67,0
DA:68,0
DA:69,0
DA:70,0
DA:71,0
DA:72,0
DA:73,0
DA:75,0
DA:76,0
DA:77,0
DA:78,0
DA:79,0
DA:90,0
DA:91,0
DA:93,0
DA:94,0
DA:95,0
DA:96,0
DA:97,0
DA:99,0
DA:100,0
DA:101,0
DA:102,0
DA:103,0
DA:104,0
DA:105,0
DA:108,0
DA:109,0
DA:111,0
DA:112,0
DA:113,0
DA:114,0
DA:116,0
DA:117,0
DA:118,0
DA:119,0
DA:120,0
DA:121,0
DA:122,0
DA:124,0
DA:125,0
DA:126,0
DA:127,0
DA:128,0
DA:141,0
DA:143,0
DA:144,0
DA:185,0
DA:186,0
DA:187,0
DA:189,0
DA:190,0
DA:191,0
DA:192,0
DA:193,0
DA:194,0
DA:207,9
DA:208,9
DA:209,9
DA:210,9
DA:211,9
DA:213,9
DA:214,9
DA:215,9
DA:216,9
DA:217,9
DA:218,9
DA:219,9
DA:220,9
DA:221,9
DA:223,0
DA:224,0
DA:238,9
DA:239,9
DA:240,9
DA:242,0
DA:243,0
BRF:0
BRH:0
LF:99
LH:27
end_of_record
SF:C:\Users\s2010\Me\Codes\Rust\wgpu-3dgs-core\src\ply.rs
FN:161,_RNvXs1_NtCs5GcQ2UO1lZu_14wgpu_3dgs_core3plyINtB5_15PlyGaussianIterINtNtNtNtCsmHtFwzCQ9E_4core4iter8adapters3map3MapINtNtNtB1b_3ops5range5RangejENCINvMNtB7_8gaussianNtB2o_9Gaussians18read_ply_gaussiansINtNtNtNtCs9iOHoBythrW_3std2io8buffered9bufreader9BufReaderNtNtB3l_2fs4FileEE0EIB13_B1P_NCB2k_s_0EENtNtNtB19_6traits8iterator8Iterator4nextCsdsnEFmGUbo5_8read_ply
FN:23,_RNvMNtCs5GcQ2UO1lZu_14wgpu_3dgs_core3plyNtB2_14PlyGaussianPod9set_value
FN:134,_RNvMs0_NtCs5GcQ2UO1lZu_14wgpu_3dgs_core3plyNtB5_9PlyHeader5count
FN:105,_RNvXs_NtCs5GcQ2UO1lZu_14wgpu_3dgs_core3plyNtB4_14PlyGaussianPodNtNtNtCs44L69CccwkH_6ply_rs3ply8property14PropertyAccess12set_property
FN:101,_RNvXs_NtCs5GcQ2UO1lZu_14wgpu_3dgs_core3plyNtB4_14PlyGaussianPodNtNtNtCs44L69CccwkH_6ply_rs3ply8property14PropertyAccess3new
FNDA:10,_RNvXs1_NtCs5GcQ2UO1lZu_14wgpu_3dgs_core3plyINtB5_15PlyGaussianIterINtNtNtNtCsmHtFwzCQ9E_4core4iter8adapters3map3MapINtNtNtB1b_3ops5range5RangejENCINvMNtB7_8gaussianNtB2o_9Gaussians18read_ply_gaussiansINtNtNtNtCs9iOHoBythrW_3std2io8buffered9bufreader9BufReaderNtNtB3l_2fs4FileEE0EIB13_B1P_NCB2k_s_0EENtNtNtB19_6traits8iterator8Iterator4nextCsdsnEFmGUbo5_8read_ply
FNDA:0,_RNvMNtCs5GcQ2UO1lZu_14wgpu_3dgs_core3plyNtB2_14PlyGaussianPod9set_value
FNDA:2,_RNvMs0_NtCs5GcQ2UO1lZu_14wgpu_3dgs_core3plyNtB5_9PlyHeader5count
FNDA:0,_RNvXs_NtCs5GcQ2UO1lZu_14wgpu_3dgs_core3plyNtB4_14PlyGaussianPodNtNtNtCs44L69CccwkH_6ply_rs3ply8property14PropertyAccess12set_property
FNDA:0,_RNvXs_NtCs5GcQ2UO1lZu_14wgpu_3dgs_core3plyNtB4_14PlyGaussianPodNtNtNtCs44L69CccwkH_6ply_rs3ply8property14PropertyAccess3new
FNF:5
FNH:2
DA:23,0
DA:30,0
DA:31,0
DA:32,0
DA:33,0
DA:34,0
DA:35,0
DA:36,0
DA:37,0
DA:38,0
DA:39,0
DA:40,0
DA:41,0
DA:42,0
DA:43,0
DA:44,0
DA:45,0
DA:46,0
DA:47,0
DA:48,0
DA:49,0
DA:50,0
DA:51,0
DA:52,0
DA:53,0
DA:54,0
DA:55,0
DA:56,0
DA:57,0
DA:58,0
DA:59,0
DA:60,0
DA:61,0
DA:62,0
DA:63,0
DA:64,0
DA:65,0
DA:66,0
DA:67,0
DA:68,0
DA:69,0
DA:70,0
DA:71,0
DA:72,0
DA:73,0
DA:74,0
DA:75,0
DA:76,0
DA:77,0
DA:78,0
DA:79,0
DA:80,0
DA:81,0
DA:82,0
DA:83,0
DA:84,0
DA:85,0
DA:86,0
DA:87,0
DA:88,0
DA:89,0
DA:90,0
DA:91,0
DA:92,0
DA:94,0
DA:97,0
DA:101,0
DA:102,0
DA:103,0
DA:105,0
DA:106,0
DA:107,0
DA:110,0
DA:111,0
DA:134,2
DA:135,2
DA:136,2
DA:137,0
DA:139,2
DA:161,10
DA:162,10
DA:163,10
DA:164,0
DA:166,10
BRF:0
BRH:0
LF:84
LH:8
end_of_record